Hybrid NEMD/MC method
Version: ver0.0
Date: 29/July/2022
Author: Jeongmin Kim @ PHENIX, CNRS
=========================================
Volume in cubic A (factor=1.000000): 6922.272650178996 6922.272650178996
Activity (chemical potential of water): water -15.37
Activity (chemical potential of salt): salt -14.81
Activity (chemical potential of lj): lj -1.754
=========================================
Number of lj-solvent/water/salt-pair: 5000/0/100

===================
= EqMD (0/5) 
===================
= hybrid neqMD/MC (0/5)
old state right after eqMD (natom=5200,pe_old=-23484.274698,ke_old=7855.851559,bond+angle=0.000000,vol=6922.272650)
===================
= Select a move (0/10)
salt is picked True
New flying particles assigned: (5202 <- 5200/trial_insert) (5202 <= 5200)
old state right before neqMD (natom=5200,pe_old=20262.832996,ke_old=7858.022056)
===================
= neqMD to propagate (0/10) 
Test neqMD dictionary
	current timestep for neqMD: 10400
	chosen move (insertion? True)
new state after neqMD (natom=5202,pe_new=-23462.454909,ke_new=7858.304069)
new state after back to eqPES (natom=5202,pe_new=-23462.454909,ke_new=7858.304069)
energy chage in water intermolecular energies: bond=(0.000000 -> 0.000000) / angle=(0.000000 -> 0.000000)
===================
= Metropolis-type MC (0/10) 
Energy check: -23462.45490894471 -23484.274698380905 7858.304068832975 7858.022056108113
# bias selection to relax (accept_rule): 1.000000
# bias interionic distance(accept_rule): 99.309227
# prep = 6.806392e+03
Acceptance tested: not_gcmc (dke=0.282013; dpe=21.819789; dE=22.101802; vol=6922.272650; prob_ins_inv=2.020009e+02; prob_del=2.034060e+00); intant_MC=False; not_to_sample=False; @ RT=1.000000
reject_insert:::delete the inserted flying molecule
return to the old state using dic_peratom
delete widom_test group
===================
= Select a move (1/10)
salt is picked True
New flying particles assigned: (5202 <- 5200/trial_insert) (5202 <= 5200)
old state right before neqMD (natom=5200,pe_old=-2346.258739,ke_old=7857.448467)
===================
= neqMD to propagate (1/10) 
Test neqMD dictionary
	current timestep for neqMD: 10400
	chosen move (insertion? True)
new state after neqMD (natom=5202,pe_new=-23418.816259,ke_new=7804.245616)
new state after back to eqPES (natom=5202,pe_new=-23418.816259,ke_new=7804.245616)
energy chage in water intermolecular energies: bond=(0.000000 -> 0.000000) / angle=(0.000000 -> 0.000000)
===================
= Metropolis-type MC (1/10) 
Energy check: -23418.816259140054 -23484.274698380905 7804.245615666858 7857.448466812808
# bias selection to relax (accept_rule): 1.000000
# bias interionic distance(accept_rule): 16.497041
# prep = 1.130664e+03
Acceptance tested: not_gcmc (dke=-53.202851; dpe=65.458439; dE=12.255588; vol=6922.272650; prob_ins_inv=2.030961e+01; prob_del=1.231106e+00); intant_MC=False; not_to_sample=False; @ RT=1.000000
reject_insert:::delete the inserted flying molecule
return to the old state using dic_peratom
delete widom_test group
===================
= Select a move (2/10)
salt is picked True
New flying particles assigned: (5202 <- 5200/trial_insert) (5202 <= 5200)
old state right before neqMD (natom=5200,pe_old=3746133.813656,ke_old=7859.247063)
===================
= neqMD to propagate (2/10) 
Test neqMD dictionary
	current timestep for neqMD: 10400
	chosen move (insertion? True)
new state after neqMD (natom=5202,pe_new=-23447.268871,ke_new=7835.494564)
new state after back to eqPES (natom=5202,pe_new=-23447.268872,ke_new=7835.494564)
energy chage in water intermolecular energies: bond=(0.000000 -> 0.000000) / angle=(0.000000 -> 0.000000)
===================
= Metropolis-type MC (2/10) 
Energy check: -23447.268871516717 -23484.274698380905 7835.494563664732 7859.247062669896
# bias selection to relax (accept_rule): 1.000000
# bias interionic distance(accept_rule): 2.166345
# prep = 1.484756e+02
Acceptance tested: not_gcmc (dke=-23.752499; dpe=37.005827; dE=13.253328; vol=6922.272650; prob_ins_inv=4.093489e+00; prob_del=1.889583e+00); intant_MC=False; not_to_sample=False; @ RT=1.000000
reject_insert:::delete the inserted flying molecule
return to the old state using dic_peratom
delete widom_test group
===================
= Select a move (3/10)
salt is picked True
New flying particles assigned: (5202 <- 5200/trial_insert) (5202 <= 5200)
old state right before neqMD (natom=5200,pe_old=1570169.841612,ke_old=7856.557670)
===================
= neqMD to propagate (3/10) 
Test neqMD dictionary
	current timestep for neqMD: 10400
	chosen move (insertion? True)
new state after neqMD (natom=5202,pe_new=-23416.467698,ke_new=7821.588666)
new state after back to eqPES (natom=5202,pe_new=-23416.467697,ke_new=7821.588666)
energy chage in water intermolecular energies: bond=(0.000000 -> 0.000000) / angle=(0.000000 -> 0.000000)
===================
= Metropolis-type MC (3/10) 
Energy check: -23416.467697152726 -23484.274698380905 7821.588665944636 7856.55767025253
# bias selection to relax (accept_rule): 1.000000
# bias interionic distance(accept_rule): 69.629280
# prep = 4.772207e+03
Acceptance tested: not_gcmc (dke=-34.969004; dpe=67.807001; dE=32.837997; vol=6922.272650; prob_ins_inv=6.962929e+01; prob_del=1.000000e+00); intant_MC=False; not_to_sample=False; @ RT=1.000000
reject_insert:::delete the inserted flying molecule
return to the old state using dic_peratom
delete widom_test group
===================
= Select a move (4/10)
salt is picked True
New flying particles assigned: (5202 <- 5200/trial_insert) (5202 <= 5200)
old state right before neqMD (natom=5200,pe_old=2532224705194.983398,ke_old=7858.073666)
===================
= neqMD to propagate (4/10) 
Test neqMD dictionary
	current timestep for neqMD: 10400
	chosen move (insertion? True)
new state after neqMD (natom=5202,pe_new=-23395.219886,ke_new=7795.985559)
new state after back to eqPES (natom=5202,pe_new=-23395.219886,ke_new=7795.985559)
energy chage in water intermolecular energies: bond=(0.000000 -> 0.000000) / angle=(0.000000 -> 0.000000)
===================
= Metropolis-type MC (4/10) 
Energy check: -23395.21988627371 -23484.274698380905 7795.985558776336 7858.073665865964
# bias selection to relax (accept_rule): 1.000000
# bias interionic distance(accept_rule): 31.668266
# prep = 2.170459e+03
Acceptance tested: not_gcmc (dke=-62.088107; dpe=89.054812; dE=26.966705; vol=6922.272650; prob_ins_inv=3.212347e+01; prob_del=1.014374e+00); intant_MC=False; not_to_sample=False; @ RT=1.000000
reject_insert:::delete the inserted flying molecule
return to the old state using dic_peratom
delete widom_test group
===================
= Select a move (5/10)
salt is picked True
New flying particles assigned: (5202 <- 5200/trial_insert) (5202 <= 5200)
old state right before neqMD (natom=5200,pe_old=716.683497,ke_old=7857.009509)
===================
= neqMD to propagate (5/10) 
Test neqMD dictionary
	current timestep for neqMD: 10400
	chosen move (insertion? True)
new state after neqMD (natom=5202,pe_new=-23437.448173,ke_new=7831.707459)
new state after back to eqPES (natom=5202,pe_new=-23437.448172,ke_new=7831.707459)
energy chage in water intermolecular energies: bond=(0.000000 -> 0.000000) / angle=(0.000000 -> 0.000000)
===================
= Metropolis-type MC (5/10) 
Energy check: -23437.44817216543 -23484.274698380905 7831.707458966325 7857.009508667799
# bias selection to relax (accept_rule): 1.000000
# bias interionic distance(accept_rule): 5.382817
# prep = 3.689240e+02
Acceptance tested: not_gcmc (dke=-25.302050; dpe=46.826526; dE=21.524477; vol=6922.272650; prob_ins_inv=5.430884e+00; prob_del=1.008930e+00); intant_MC=False; not_to_sample=False; @ RT=1.000000
reject_insert:::delete the inserted flying molecule
return to the old state using dic_peratom
delete widom_test group
===================
= Select a move (6/10)
salt is picked True
New flying particles assigned: (5202 <- 5200/trial_insert) (5202 <= 5200)
old state right before neqMD (natom=5200,pe_old=104646.017785,ke_old=7857.367087)
===================
= neqMD to propagate (6/10) 
Test neqMD dictionary
	current timestep for neqMD: 10400
	chosen move (insertion? True)
new state after neqMD (natom=5202,pe_new=-23424.979119,ke_new=7817.840623)
new state after back to eqPES (natom=5202,pe_new=-23424.979119,ke_new=7817.840623)
energy chage in water intermolecular energies: bond=(0.000000 -> 0.000000) / angle=(0.000000 -> 0.000000)
===================
= Metropolis-type MC (6/10) 
Energy check: -23424.97911934718 -23484.274698380905 7817.840622870368 7857.367087338229
# bias selection to relax (accept_rule): 1.000000
# bias interionic distance(accept_rule): 4.480689
# prep = 3.070946e+02
Acceptance tested: not_gcmc (dke=-39.526464; dpe=59.295579; dE=19.769115; vol=6922.272650; prob_ins_inv=4.480689e+00; prob_del=1.000000e+00); intant_MC=False; not_to_sample=False; @ RT=1.000000
reject_insert:::delete the inserted flying molecule
return to the old state using dic_peratom
delete widom_test group
===================
= Select a move (7/10)
salt is picked True
New flying particles assigned: (5202 <- 5200/trial_insert) (5202 <= 5200)
old state right before neqMD (natom=5200,pe_old=-17844.294305,ke_old=7858.451192)
===================
= neqMD to propagate (7/10) 
Test neqMD dictionary
	current timestep for neqMD: 10400
	chosen move (insertion? True)
new state after neqMD (natom=5202,pe_new=-23420.142231,ke_new=7808.807098)
new state after back to eqPES (natom=5202,pe_new=-23420.142231,ke_new=7808.807098)
energy chage in water intermolecular energies: bond=(0.000000 -> 0.000000) / angle=(0.000000 -> 0.000000)
===================
= Metropolis-type MC (7/10) 
Energy check: -23420.142231300415 -23484.274698380905 7808.807098222833 7858.451191755387
# bias selection to relax (accept_rule): 1.000000
# bias interionic distance(accept_rule): 44.918402
# prep = 3.078588e+03
Acceptance tested: not_gcmc (dke=-49.644094; dpe=64.132467; dE=14.488374; vol=6922.272650; prob_ins_inv=2.015579e+03; prob_del=4.487201e+01); intant_MC=False; not_to_sample=False; @ RT=1.000000
reject_insert:::delete the inserted flying molecule
return to the old state using dic_peratom
delete widom_test group
===================
= Select a move (8/10)
salt is picked True
New flying particles assigned: (5202 <- 5200/trial_insert) (5202 <= 5200)
old state right before neqMD (natom=5200,pe_old=22389558.521962,ke_old=7856.798309)
===================
= neqMD to propagate (8/10) 
Test neqMD dictionary
	current timestep for neqMD: 10400
	chosen move (insertion? True)
new state after neqMD (natom=5202,pe_new=-23423.569828,ke_new=7810.194169)
new state after back to eqPES (natom=5202,pe_new=-23423.569828,ke_new=7810.194169)
energy chage in water intermolecular energies: bond=(0.000000 -> 0.000000) / angle=(0.000000 -> 0.000000)
===================
= Metropolis-type MC (8/10) 
Energy check: -23423.56982811951 -23484.274698380905 7810.194168599845 7856.79830857372
# bias selection to relax (accept_rule): 1.000000
# bias interionic distance(accept_rule): 28.655866
# prep = 1.963997e+03
Acceptance tested: not_gcmc (dke=-46.604140; dpe=60.704870; dE=14.100730; vol=6922.272650; prob_ins_inv=2.865615e+01; prob_del=1.000010e+00); intant_MC=False; not_to_sample=False; @ RT=1.000000
reject_insert:::delete the inserted flying molecule
return to the old state using dic_peratom
delete widom_test group
===================
= Select a move (9/10)
salt is picked True
New flying particles assigned: (5202 <- 5200/trial_insert) (5202 <= 5200)
old state right before neqMD (natom=5200,pe_old=-10021.897085,ke_old=7858.424812)
===================
= neqMD to propagate (9/10) 
Test neqMD dictionary
	current timestep for neqMD: 10400
	chosen move (insertion? True)
new state after neqMD (natom=5202,pe_new=-23473.483859,ke_new=7859.122485)
new state after back to eqPES (natom=5202,pe_new=-23473.483859,ke_new=7859.122485)
energy chage in water intermolecular energies: bond=(0.000000 -> 0.000000) / angle=(0.000000 -> 0.000000)
===================
= Metropolis-type MC (9/10) 
Energy check: -23473.483858778636 -23484.274698380905 7859.122485356242 7858.424812239242
# bias selection to relax (accept_rule): 1.000000
# bias interionic distance(accept_rule): 10.258326
# prep = 7.030785e+02
Acceptance tested: not_gcmc (dke=0.697673; dpe=10.790840; dE=11.488513; vol=6922.272650; prob_ins_inv=1.030304e+01; prob_del=1.004359e+00); intant_MC=False; not_to_sample=False; @ RT=1.000000
reject_insert:::delete the inserted flying molecule
return to the old state using dic_peratom
delete widom_test group

===================
= EqMD (1/5) 
===================
= hybrid neqMD/MC (1/5)
old state right after eqMD (natom=5200,pe_old=-23410.157935,ke_old=7652.969407,bond+angle=0.000000,vol=6922.272650)
===================
= Select a move (0/10)
salt is picked True
New flying particles assigned: (5202 <- 5200/trial_insert) (5202 <= 5200)
old state right before neqMD (natom=5200,pe_old=-13115.720154,ke_old=7655.257797)
===================
= neqMD to propagate (0/10) 
Test neqMD dictionary
	current timestep for neqMD: 10800
	chosen move (insertion? True)
new state after neqMD (natom=5202,pe_new=-23382.451455,ke_new=7642.736599)
new state after back to eqPES (natom=5202,pe_new=-23382.451455,ke_new=7642.736599)
energy chage in water intermolecular energies: bond=(0.000000 -> 0.000000) / angle=(0.000000 -> 0.000000)
===================
= Metropolis-type MC (0/10) 
Energy check: -23382.45145531527 -23410.15793521984 7642.736599146434 7655.257796830809
# bias selection to relax (accept_rule): 1.000000
# bias interionic distance(accept_rule): 7.550664
# prep = 5.175025e+02
Acceptance tested: not_gcmc (dke=-12.521198; dpe=27.706480; dE=15.185282; vol=6922.272650; prob_ins_inv=7.550664e+00; prob_del=1.000000e+00); intant_MC=False; not_to_sample=False; @ RT=1.000000
reject_insert:::delete the inserted flying molecule
return to the old state using dic_peratom
delete widom_test group
===================
= Select a move (1/10)
salt is picked True
New flying particles assigned: (5202 <- 5200/trial_insert) (5202 <= 5200)
old state right before neqMD (natom=5200,pe_old=-20200.731937,ke_old=7657.362106)
===================
= neqMD to propagate (1/10) 
Test neqMD dictionary
	current timestep for neqMD: 10800
	chosen move (insertion? True)
new state after neqMD (natom=5202,pe_new=-23408.366600,ke_new=7663.486256)
new state after back to eqPES (natom=5202,pe_new=-23408.366600,ke_new=7663.486256)
energy chage in water intermolecular energies: bond=(0.000000 -> 0.000000) / angle=(0.000000 -> 0.000000)
===================
= Metropolis-type MC (1/10) 
Energy check: -23408.366600132285 -23410.15793521984 7663.4862558359455 7657.36210552394
# bias selection to relax (accept_rule): 1.000000
# bias interionic distance(accept_rule): 8.511742
# prep = 5.833723e+02
Acceptance tested: not_gcmc (dke=6.124150; dpe=1.791335; dE=7.915485; vol=6922.272650; prob_ins_inv=8.511742e+00; prob_del=1.000000e+00); intant_MC=False; not_to_sample=False; @ RT=1.000000
reject_insert:::delete the inserted flying molecule
return to the old state using dic_peratom
delete widom_test group
===================
= Select a move (2/10)
salt is picked True
New flying particles assigned: (5202 <- 5200/trial_insert) (5202 <= 5200)
old state right before neqMD (natom=5200,pe_old=1181220.698299,ke_old=7655.329962)
===================
= neqMD to propagate (2/10) 
Test neqMD dictionary
	current timestep for neqMD: 10800
	chosen move (insertion? True)
new state after neqMD (natom=5202,pe_new=-23412.412025,ke_new=7672.626545)
new state after back to eqPES (natom=5202,pe_new=-23412.412025,ke_new=7672.626545)
energy chage in water intermolecular energies: bond=(0.000000 -> 0.000000) / angle=(0.000000 -> 0.000000)
===================
= Metropolis-type MC (2/10) 
Energy check: -23412.412025063295 -23410.15793521984 7672.626544628005 7655.329961991678
# bias selection to relax (accept_rule): 1.000000
# bias interionic distance(accept_rule): 6.494897
# prep = 4.451430e+02
Acceptance tested: not_gcmc (dke=17.296583; dpe=-2.254090; dE=15.042493; vol=6922.272650; prob_ins_inv=6.980465e+00; prob_del=1.074762e+00); intant_MC=False; not_to_sample=False; @ RT=1.000000
reject_insert:::delete the inserted flying molecule
return to the old state using dic_peratom
delete widom_test group
===================
= Select a move (3/10)
salt is picked True
New flying particles assigned: (5202 <- 5200/trial_insert) (5202 <= 5200)
old state right before neqMD (natom=5200,pe_old=1890680.580010,ke_old=7654.298796)
===================
= neqMD to propagate (3/10) 
Test neqMD dictionary
	current timestep for neqMD: 10800
	chosen move (insertion? True)
new state after neqMD (natom=5202,pe_new=-23403.204687,ke_new=7662.199915)
new state after back to eqPES (natom=5202,pe_new=-23403.204687,ke_new=7662.199915)
energy chage in water intermolecular energies: bond=(0.000000 -> 0.000000) / angle=(0.000000 -> 0.000000)
===================
= Metropolis-type MC (3/10) 
Energy check: -23403.204686898618 -23410.15793521984 7662.199915012712 7654.298795615569
# bias selection to relax (accept_rule): 1.000000
# bias interionic distance(accept_rule): 32.028581
# prep = 2.195154e+03
Acceptance tested: not_gcmc (dke=7.901119; dpe=6.953248; dE=14.854368; vol=6922.272650; prob_ins_inv=3.300447e+01; prob_del=1.030469e+00); intant_MC=False; not_to_sample=False; @ RT=1.000000
reject_insert:::delete the inserted flying molecule
return to the old state using dic_peratom
delete widom_test group
===================
= Select a move (4/10)
salt is picked True
New flying particles assigned: (5202 <- 5200/trial_insert) (5202 <= 5200)
old state right before neqMD (natom=5200,pe_old=-22614.540216,ke_old=7656.394869)
===================
= neqMD to propagate (4/10) 
Test neqMD dictionary
	current timestep for neqMD: 10800
	chosen move (insertion? True)
new state after neqMD (natom=5202,pe_new=-23391.615179,ke_new=7651.363163)
new state after back to eqPES (natom=5202,pe_new=-23391.615179,ke_new=7651.363163)
energy chage in water intermolecular energies: bond=(0.000000 -> 0.000000) / angle=(0.000000 -> 0.000000)
===================
= Metropolis-type MC (4/10) 
Energy check: -23391.61517911947 -23410.15793521984 7651.363163228441 7656.394868719841
# bias selection to relax (accept_rule): 1.000000
# bias interionic distance(accept_rule): 71.551590
# prep = 4.903957e+03
Acceptance tested: not_gcmc (dke=-5.031705; dpe=18.542756; dE=13.511051; vol=6922.272650; prob_ins_inv=7.210475e+01; prob_del=1.007731e+00); intant_MC=False; not_to_sample=False; @ RT=1.000000
reject_insert:::delete the inserted flying molecule
return to the old state using dic_peratom
delete widom_test group
===================
= Select a move (5/10)
salt is picked True
New flying particles assigned: (5202 <- 5200/trial_insert) (5202 <= 5200)
old state right before neqMD (natom=5200,pe_old=23308.448503,ke_old=7656.474119)
===================
= neqMD to propagate (5/10) 
Test neqMD dictionary
	current timestep for neqMD: 10800
	chosen move (insertion? True)
new state after neqMD (natom=5202,pe_new=-23434.262259,ke_new=7692.356286)
new state after back to eqPES (natom=5202,pe_new=-23434.262259,ke_new=7692.356286)
energy chage in water intermolecular energies: bond=(0.000000 -> 0.000000) / angle=(0.000000 -> 0.000000)
===================
= Metropolis-type MC (5/10) 
Energy check: -23434.262259040956 -23410.15793521984 7692.35628555519 7656.474119045763
# bias selection to relax (accept_rule): 1.000000
# bias interionic distance(accept_rule): 11.027218
# prep = 7.557763e+02
Acceptance tested: not_gcmc (dke=35.882167; dpe=-24.104324; dE=11.777843; vol=6922.272650; prob_ins_inv=1.102722e+01; prob_del=1.000000e+00); intant_MC=False; not_to_sample=False; @ RT=1.000000
reject_insert:::delete the inserted flying molecule
return to the old state using dic_peratom
delete widom_test group
===================
= Select a move (6/10)
salt is picked True
New flying particles assigned: (5202 <- 5200/trial_insert) (5202 <= 5200)
old state right before neqMD (natom=5200,pe_old=6321.371655,ke_old=7655.034775)
===================
= neqMD to propagate (6/10) 
Test neqMD dictionary
	current timestep for neqMD: 10800
	chosen move (insertion? True)
new state after neqMD (natom=5202,pe_new=-23393.731102,ke_new=7645.928031)
new state after back to eqPES (natom=5202,pe_new=-23393.731102,ke_new=7645.928031)
energy chage in water intermolecular energies: bond=(0.000000 -> 0.000000) / angle=(0.000000 -> 0.000000)
===================
= Metropolis-type MC (6/10) 
Energy check: -23393.73110217935 -23410.15793521984 7645.9280309609785 7655.034774705806
# bias selection to relax (accept_rule): 1.000000
# bias interionic distance(accept_rule): 12.574532
# prep = 8.618251e+02
Acceptance tested: not_gcmc (dke=-9.106744; dpe=16.426833; dE=7.320089; vol=6922.272650; prob_ins_inv=1.574412e+01; prob_del=1.252064e+00); intant_MC=False; not_to_sample=False; @ RT=1.000000
reject_insert:::delete the inserted flying molecule
return to the old state using dic_peratom
delete widom_test group
===================
= Select a move (7/10)
salt is picked True
New flying particles assigned: (5202 <- 5200/trial_insert) (5202 <= 5200)
old state right before neqMD (natom=5200,pe_old=1271205620.475101,ke_old=7656.314968)
===================
= neqMD to propagate (7/10) 
Test neqMD dictionary
	current timestep for neqMD: 10800
	chosen move (insertion? True)
new state after neqMD (natom=5202,pe_new=-23400.112792,ke_new=7665.963851)
new state after back to eqPES (natom=5202,pe_new=-23400.112792,ke_new=7665.963851)
energy chage in water intermolecular energies: bond=(0.000000 -> 0.000000) / angle=(0.000000 -> 0.000000)
===================
= Metropolis-type MC (7/10) 
Energy check: -23400.112791817308 -23410.15793521984 7665.9638513347545 7656.314968106162
# bias selection to relax (accept_rule): 1.000000
# bias interionic distance(accept_rule): 4.535255
# prep = 3.108343e+02
Acceptance tested: not_gcmc (dke=9.648883; dpe=10.045143; dE=19.694027; vol=6922.272650; prob_ins_inv=5.768417e+00; prob_del=1.271906e+00); intant_MC=False; not_to_sample=False; @ RT=1.000000
reject_insert:::delete the inserted flying molecule
return to the old state using dic_peratom
delete widom_test group
===================
= Select a move (8/10)
salt is picked True
New flying particles assigned: (5202 <- 5200/trial_insert) (5202 <= 5200)
old state right before neqMD (natom=5200,pe_old=103898686.152425,ke_old=7656.632972)
===================
= neqMD to propagate (8/10) 
Test neqMD dictionary
	current timestep for neqMD: 10800
	chosen move (insertion? True)
new state after neqMD (natom=5202,pe_new=-23371.841387,ke_new=7632.417880)
new state after back to eqPES (natom=5202,pe_new=-23371.841387,ke_new=7632.417880)
energy chage in water intermolecular energies: bond=(0.000000 -> 0.000000) / angle=(0.000000 -> 0.000000)
===================
= Metropolis-type MC (8/10) 
Energy check: -23371.84138652679 -23410.15793521984 7632.4178796292945 7656.6329722339815
# bias selection to relax (accept_rule): 1.000000
# bias interionic distance(accept_rule): 6.483498
# prep = 4.443618e+02
Acceptance tested: not_gcmc (dke=-24.215093; dpe=38.316549; dE=14.101456; vol=6922.272650; prob_ins_inv=6.483498e+00; prob_del=1.000000e+00); intant_MC=False; not_to_sample=False; @ RT=1.000000
reject_insert:::delete the inserted flying molecule
return to the old state using dic_peratom
delete widom_test group
===================
= Select a move (9/10)
salt is picked True
New flying particles assigned: (5202 <- 5200/trial_insert) (5202 <= 5200)
old state right before neqMD (natom=5200,pe_old=15609.919439,ke_old=7655.101337)
===================
= neqMD to propagate (9/10) 
Test neqMD dictionary
	current timestep for neqMD: 10800
	chosen move (insertion? True)
new state after neqMD (natom=5202,pe_new=-23407.828089,ke_new=7686.018262)
new state after back to eqPES (natom=5202,pe_new=-23407.828089,ke_new=7686.018262)
energy chage in water intermolecular energies: bond=(0.000000 -> 0.000000) / angle=(0.000000 -> 0.000000)
===================
= Metropolis-type MC (9/10) 
Energy check: -23407.828089362778 -23410.15793521984 7686.018261829893 7655.101336523321
# bias selection to relax (accept_rule): 1.000000
# bias interionic distance(accept_rule): 12.365011
# prep = 8.474651e+02
Acceptance tested: not_gcmc (dke=30.916925; dpe=2.329846; dE=33.246771; vol=6922.272650; prob_ins_inv=1.435254e+01; prob_del=1.160738e+00); intant_MC=False; not_to_sample=False; @ RT=1.000000
reject_insert:::delete the inserted flying molecule
return to the old state using dic_peratom
delete widom_test group

===================
= EqMD (2/5) 
===================
= hybrid neqMD/MC (2/5)
old state right after eqMD (natom=5200,pe_old=-23478.201722,ke_old=7935.650308,bond+angle=0.000000,vol=6922.272650)
===================
= Select a move (0/10)
salt is picked True
New flying particles assigned: (5202 <- 5200/trial_insert) (5202 <= 5200)
old state right before neqMD (natom=5200,pe_old=1107234761147.673096,ke_old=7939.085618)
===================
= neqMD to propagate (0/10) 
Test neqMD dictionary
	current timestep for neqMD: 11200
	chosen move (insertion? True)
new state after neqMD (natom=5202,pe_new=-23433.326089,ke_new=7904.886663)
new state after back to eqPES (natom=5202,pe_new=-23433.326088,ke_new=7904.886663)
energy chage in water intermolecular energies: bond=(0.000000 -> 0.000000) / angle=(0.000000 -> 0.000000)
===================
= Metropolis-type MC (0/10) 
Energy check: -23433.326088205948 -23478.201722399168 7904.88666264829 7939.085617763849
# bias selection to relax (accept_rule): 1.000000
# bias interionic distance(accept_rule): 12.818959
# prep = 8.785775e+02
Acceptance tested: not_gcmc (dke=-34.198955; dpe=44.875634; dE=10.676679; vol=6922.272650; prob_ins_inv=1.281896e+01; prob_del=1.000000e+00); intant_MC=False; not_to_sample=False; @ RT=1.000000
reject_insert:::delete the inserted flying molecule
return to the old state using dic_peratom
delete widom_test group
===================
= Select a move (1/10)
salt is picked True
New flying particles assigned: (5202 <- 5200/trial_insert) (5202 <= 5200)
old state right before neqMD (natom=5200,pe_old=-19585.948650,ke_old=7936.643731)
===================
= neqMD to propagate (1/10) 
Test neqMD dictionary
	current timestep for neqMD: 11200
	chosen move (insertion? True)
new state after neqMD (natom=5202,pe_new=-23427.003968,ke_new=7899.573369)
new state after back to eqPES (natom=5202,pe_new=-23427.003969,ke_new=7899.573369)
energy chage in water intermolecular energies: bond=(0.000000 -> 0.000000) / angle=(0.000000 -> 0.000000)
===================
= Metropolis-type MC (1/10) 
Energy check: -23427.003968899055 -23478.201722399168 7899.573368577845 7936.643730612156
# bias selection to relax (accept_rule): 1.000000
# bias interionic distance(accept_rule): 8.256428
# prep = 5.658737e+02
Acceptance tested: not_gcmc (dke=-37.070362; dpe=51.197754; dE=14.127391; vol=6922.272650; prob_ins_inv=9.992261e+00; prob_del=1.210240e+00); intant_MC=False; not_to_sample=False; @ RT=1.000000
reject_insert:::delete the inserted flying molecule
return to the old state using dic_peratom
delete widom_test group
===================
= Select a move (2/10)
salt is picked True
New flying particles assigned: (5202 <- 5200/trial_insert) (5202 <= 5200)
old state right before neqMD (natom=5200,pe_old=2362695.201260,ke_old=7941.399901)
===================
= neqMD to propagate (2/10) 
Test neqMD dictionary
	current timestep for neqMD: 11200
	chosen move (insertion? True)
new state after neqMD (natom=5202,pe_new=-23413.516645,ke_new=7882.118783)
new state after back to eqPES (natom=5202,pe_new=-23413.516645,ke_new=7882.118783)
energy chage in water intermolecular energies: bond=(0.000000 -> 0.000000) / angle=(0.000000 -> 0.000000)
===================
= Metropolis-type MC (2/10) 
Energy check: -23413.516645328837 -23478.201722399168 7882.118782911917 7941.399901407691
# bias selection to relax (accept_rule): 1.000000
# bias interionic distance(accept_rule): 19.061580
# prep = 1.306430e+03
Acceptance tested: not_gcmc (dke=-59.281118; dpe=64.685077; dE=5.403959; vol=6922.272650; prob_ins_inv=1.906158e+01; prob_del=1.000000e+00); intant_MC=False; not_to_sample=False; @ RT=1.000000
reject_insert:::delete the inserted flying molecule
return to the old state using dic_peratom
delete widom_test group
===================
= Select a move (3/10)
salt is picked True
New flying particles assigned: (5202 <- 5200/trial_insert) (5202 <= 5200)
old state right before neqMD (natom=5200,pe_old=5211553.233383,ke_old=7936.660336)
===================
= neqMD to propagate (3/10) 
Test neqMD dictionary
	current timestep for neqMD: 11200
	chosen move (insertion? True)
new state after neqMD (natom=5202,pe_new=-23433.958854,ke_new=7911.818391)
new state after back to eqPES (natom=5202,pe_new=-23433.958853,ke_new=7911.818391)
energy chage in water intermolecular energies: bond=(0.000000 -> 0.000000) / angle=(0.000000 -> 0.000000)
===================
= Metropolis-type MC (3/10) 
Energy check: -23433.95885303374 -23478.201722399168 7911.818390552226 7936.660336116997
# bias selection to relax (accept_rule): 1.000000
# bias interionic distance(accept_rule): 8.100955
# prep = 5.552180e+02
Acceptance tested: not_gcmc (dke=-24.841946; dpe=44.242869; dE=19.400924; vol=6922.272650; prob_ins_inv=2.100369e+01; prob_del=2.592743e+00); intant_MC=False; not_to_sample=False; @ RT=1.000000
reject_insert:::delete the inserted flying molecule
return to the old state using dic_peratom
delete widom_test group
===================
= Select a move (4/10)
salt is picked True
New flying particles assigned: (5202 <- 5200/trial_insert) (5202 <= 5200)
old state right before neqMD (natom=5200,pe_old=163386.279000,ke_old=7937.761438)
===================
= neqMD to propagate (4/10) 
Test neqMD dictionary
	current timestep for neqMD: 11200
	chosen move (insertion? True)
new state after neqMD (natom=5202,pe_new=-23431.243933,ke_new=7904.892002)
new state after back to eqPES (natom=5202,pe_new=-23431.243933,ke_new=7904.892002)
energy chage in water intermolecular energies: bond=(0.000000 -> 0.000000) / angle=(0.000000 -> 0.000000)
===================
= Metropolis-type MC (4/10) 
Energy check: -23431.243933263282 -23478.201722399168 7904.892001620381 7937.761438463915
# bias selection to relax (accept_rule): 1.000000
# bias interionic distance(accept_rule): 3.576082
# prep = 2.450952e+02
Acceptance tested: not_gcmc (dke=-32.869437; dpe=46.957789; dE=14.088352; vol=6922.272650; prob_ins_inv=5.387851e+00; prob_del=1.506635e+00); intant_MC=False; not_to_sample=False; @ RT=1.000000
reject_insert:::delete the inserted flying molecule
return to the old state using dic_peratom
delete widom_test group
===================
= Select a move (5/10)
salt is picked True
New flying particles assigned: (5202 <- 5200/trial_insert) (5202 <= 5200)
old state right before neqMD (natom=5200,pe_old=311740770.724265,ke_old=7937.817561)
===================
= neqMD to propagate (5/10) 
Test neqMD dictionary
	current timestep for neqMD: 11200
	chosen move (insertion? True)
new state after neqMD (natom=5202,pe_new=-23439.372548,ke_new=7932.555044)
new state after back to eqPES (natom=5202,pe_new=-23439.372548,ke_new=7932.555044)
energy chage in water intermolecular energies: bond=(0.000000 -> 0.000000) / angle=(0.000000 -> 0.000000)
===================
= Metropolis-type MC (5/10) 
Energy check: -23439.372548026327 -23478.201722399168 7932.555043694558 7937.817561377
# bias selection to relax (accept_rule): 1.000000
# bias interionic distance(accept_rule): 15.752419
# prep = 1.079629e+03
Acceptance tested: not_gcmc (dke=-5.262518; dpe=38.829174; dE=33.566657; vol=6922.272650; prob_ins_inv=1.575464e+01; prob_del=1.000141e+00); intant_MC=False; not_to_sample=False; @ RT=1.000000
reject_insert:::delete the inserted flying molecule
return to the old state using dic_peratom
delete widom_test group
===================
= Select a move (6/10)
salt is picked True
New flying particles assigned: (5202 <- 5200/trial_insert) (5202 <= 5200)
old state right before neqMD (natom=5200,pe_old=794639.671179,ke_old=7936.771884)
===================
= neqMD to propagate (6/10) 
Test neqMD dictionary
	current timestep for neqMD: 11200
	chosen move (insertion? True)
new state after neqMD (natom=5202,pe_new=-23393.025313,ke_new=7884.819019)
new state after back to eqPES (natom=5202,pe_new=-23393.025313,ke_new=7884.819019)
energy chage in water intermolecular energies: bond=(0.000000 -> 0.000000) / angle=(0.000000 -> 0.000000)
===================
= Metropolis-type MC (6/10) 
Energy check: -23393.02531282401 -23478.201722399168 7884.819019218812 7936.7718844241845
# bias selection to relax (accept_rule): 1.000000
# bias interionic distance(accept_rule): 5.236748
# prep = 3.589128e+02
Acceptance tested: not_gcmc (dke=-51.952865; dpe=85.176410; dE=33.223544; vol=6922.272650; prob_ins_inv=5.237525e+00; prob_del=1.000148e+00); intant_MC=False; not_to_sample=False; @ RT=1.000000
reject_insert:::delete the inserted flying molecule
return to the old state using dic_peratom
delete widom_test group
===================
= Select a move (7/10)
salt is picked True
New flying particles assigned: (5202 <- 5200/trial_insert) (5202 <= 5200)
old state right before neqMD (natom=5200,pe_old=438493.987872,ke_old=7938.461937)
===================
= neqMD to propagate (7/10) 
Test neqMD dictionary
	current timestep for neqMD: 11200
	chosen move (insertion? True)
new state after neqMD (natom=5202,pe_new=-23392.494977,ke_new=7867.648540)
new state after back to eqPES (natom=5202,pe_new=-23392.494977,ke_new=7867.648540)
energy chage in water intermolecular energies: bond=(0.000000 -> 0.000000) / angle=(0.000000 -> 0.000000)
===================
= Metropolis-type MC (7/10) 
Energy check: -23392.49497696529 -23478.201722399168 7867.648539621359 7938.46193664142
# bias selection to relax (accept_rule): 1.000000
# bias interionic distance(accept_rule): 228.608755
# prep = 1.566824e+04
Acceptance tested: not_gcmc (dke=-70.813397; dpe=85.706745; dE=14.893348; vol=6922.272650; prob_ins_inv=2.314942e+02; prob_del=1.012622e+00); intant_MC=False; not_to_sample=False; @ RT=1.000000
reject_insert:::delete the inserted flying molecule
return to the old state using dic_peratom
delete widom_test group
===================
= Select a move (8/10)
salt is picked True
New flying particles assigned: (5202 <- 5200/trial_insert) (5202 <= 5200)
old state right before neqMD (natom=5200,pe_old=1986.196631,ke_old=7936.693093)
===================
= neqMD to propagate (8/10) 
Test neqMD dictionary
	current timestep for neqMD: 11200
	chosen move (insertion? True)
new state after neqMD (natom=5202,pe_new=-23414.463733,ke_new=7879.650096)
new state after back to eqPES (natom=5202,pe_new=-23414.463733,ke_new=7879.650096)
energy chage in water intermolecular energies: bond=(0.000000 -> 0.000000) / angle=(0.000000 -> 0.000000)
===================
= Metropolis-type MC (8/10) 
Energy check: -23414.463733314977 -23478.201722399168 7879.65009644977 7936.693093433083
# bias selection to relax (accept_rule): 1.000000
# bias interionic distance(accept_rule): 466.087861
# prep = 3.194443e+04
Acceptance tested: not_gcmc (dke=-57.042997; dpe=63.737989; dE=6.694992; vol=6922.272650; prob_ins_inv=4.981477e+02; prob_del=1.068785e+00); intant_MC=False; not_to_sample=False; @ RT=1.000000
reject_insert:::delete the inserted flying molecule
return to the old state using dic_peratom
delete widom_test group
===================
= Select a move (9/10)
salt is picked True
New flying particles assigned: (5202 <- 5200/trial_insert) (5202 <= 5200)
old state right before neqMD (natom=5200,pe_old=1972688449.424996,ke_old=7938.545320)
===================
= neqMD to propagate (9/10) 
Test neqMD dictionary
	current timestep for neqMD: 11200
	chosen move (insertion? True)
new state after neqMD (natom=5202,pe_new=-23427.336527,ke_new=7922.944664)
new state after back to eqPES (natom=5202,pe_new=-23427.336527,ke_new=7922.944664)
energy chage in water intermolecular energies: bond=(0.000000 -> 0.000000) / angle=(0.000000 -> 0.000000)
===================
= Metropolis-type MC (9/10) 
Energy check: -23427.336526838386 -23478.201722399168 7922.944663696813 7938.5453201455475
# bias selection to relax (accept_rule): 1.000000
# bias interionic distance(accept_rule): 23.027811
# prep = 1.578265e+03
Acceptance tested: not_gcmc (dke=-15.600656; dpe=50.865196; dE=35.264539; vol=6922.272650; prob_ins_inv=2.426434e+01; prob_del=1.053697e+00); intant_MC=False; not_to_sample=False; @ RT=1.000000
reject_insert:::delete the inserted flying molecule
return to the old state using dic_peratom
delete widom_test group

===================
= EqMD (3/5) 
===================
= hybrid neqMD/MC (3/5)
old state right after eqMD (natom=5200,pe_old=-23400.265182,ke_old=7774.517276,bond+angle=0.000000,vol=6922.272650)
===================
= Select a move (0/10)
salt is picked True
New flying particles assigned: (5202 <- 5200/trial_insert) (5202 <= 5200)
old state right before neqMD (natom=5200,pe_old=3662.193803,ke_old=7778.171772)
===================
= neqMD to propagate (0/10) 
Test neqMD dictionary
	current timestep for neqMD: 11600
	chosen move (insertion? True)
new state after neqMD (natom=5202,pe_new=-23426.622518,ke_new=7821.832663)
new state after back to eqPES (natom=5202,pe_new=-23426.622517,ke_new=7821.832663)
energy chage in water intermolecular energies: bond=(0.000000 -> 0.000000) / angle=(0.000000 -> 0.000000)
===================
= Metropolis-type MC (0/10) 
Energy check: -23426.622517194373 -23400.265181782615 7821.832662833181 7778.171771590132
# bias selection to relax (accept_rule): 1.000000
# bias interionic distance(accept_rule): 4.203496
# prep = 2.880965e+02
Acceptance tested: not_gcmc (dke=43.660891; dpe=-26.357335; dE=17.303556; vol=6922.272650; prob_ins_inv=4.203936e+00; prob_del=1.000105e+00); intant_MC=False; not_to_sample=False; @ RT=1.000000
reject_insert:::delete the inserted flying molecule
return to the old state using dic_peratom
delete widom_test group
===================
= Select a move (1/10)
salt is picked True
New flying particles assigned: (5202 <- 5200/trial_insert) (5202 <= 5200)
old state right before neqMD (natom=5200,pe_old=-19292.077135,ke_old=7775.989986)
===================
= neqMD to propagate (1/10) 
Test neqMD dictionary
	current timestep for neqMD: 11600
	chosen move (insertion? True)
new state after neqMD (natom=5202,pe_new=-23229.751510,ke_new=7809.651050)
new state after back to eqPES (natom=5202,pe_new=-23229.751510,ke_new=7809.651050)
energy chage in water intermolecular energies: bond=(0.000000 -> 0.000000) / angle=(0.000000 -> 0.000000)
===================
= Metropolis-type MC (1/10) 
Energy check: -23229.751510474176 -23400.265181782615 7809.651049860577 7775.989985509146
# bias selection to relax (accept_rule): 1.000000
# bias interionic distance(accept_rule): 61.238840
# prep = 4.197148e+03
Acceptance tested: not_gcmc (dke=33.661064; dpe=170.513671; dE=204.174736; vol=6922.272650; prob_ins_inv=6.268272e+01; prob_del=1.023578e+00); intant_MC=False; not_to_sample=False; @ RT=1.000000
reject_insert:::delete the inserted flying molecule
return to the old state using dic_peratom
delete widom_test group
===================
= Select a move (2/10)
salt is picked True
New flying particles assigned: (5202 <- 5200/trial_insert) (5202 <= 5200)
old state right before neqMD (natom=5200,pe_old=18873791.030795,ke_old=7775.741485)
===================
= neqMD to propagate (2/10) 
Test neqMD dictionary
	current timestep for neqMD: 11600
	chosen move (insertion? True)
new state after neqMD (natom=5202,pe_new=-23419.598161,ke_new=7813.503790)
new state after back to eqPES (natom=5202,pe_new=-23419.598160,ke_new=7813.503790)
energy chage in water intermolecular energies: bond=(0.000000 -> 0.000000) / angle=(0.000000 -> 0.000000)
===================
= Metropolis-type MC (2/10) 
Energy check: -23419.598160246755 -23400.265181782615 7813.503789849049 7775.7414845955955
# bias selection to relax (accept_rule): 1.000000
# bias interionic distance(accept_rule): 7.083775
# prep = 4.855032e+02
Acceptance tested: not_gcmc (dke=37.762305; dpe=-19.332978; dE=18.429327; vol=6922.272650; prob_ins_inv=1.947166e+01; prob_del=2.748769e+00); intant_MC=False; not_to_sample=False; @ RT=1.000000
reject_insert:::delete the inserted flying molecule
return to the old state using dic_peratom
delete widom_test group
===================
= Select a move (3/10)
salt is picked True
New flying particles assigned: (5202 <- 5200/trial_insert) (5202 <= 5200)
old state right before neqMD (natom=5200,pe_old=16749429.213016,ke_old=7780.413506)
===================
= neqMD to propagate (3/10) 
Test neqMD dictionary
	current timestep for neqMD: 11600
	chosen move (insertion? True)
new state after neqMD (natom=5202,pe_new=-23436.196834,ke_new=7832.727486)
new state after back to eqPES (natom=5202,pe_new=-23436.196834,ke_new=7832.727486)
energy chage in water intermolecular energies: bond=(0.000000 -> 0.000000) / angle=(0.000000 -> 0.000000)
===================
= Metropolis-type MC (3/10) 
Energy check: -23436.19683412271 -23400.265181782615 7832.727485922332 7780.413506071403
# bias selection to relax (accept_rule): 1.000000
# bias interionic distance(accept_rule): 7.111111
# prep = 4.873768e+02
Acceptance tested: not_gcmc (dke=52.313980; dpe=-35.931652; dE=16.382328; vol=6922.272650; prob_ins_inv=1.043371e+01; prob_del=1.467241e+00); intant_MC=False; not_to_sample=False; @ RT=1.000000
reject_insert:::delete the inserted flying molecule
return to the old state using dic_peratom
delete widom_test group
===================
= Select a move (4/10)
salt is picked True
New flying particles assigned: (5202 <- 5200/trial_insert) (5202 <= 5200)
old state right before neqMD (natom=5200,pe_old=22019.091593,ke_old=7776.246591)
===================
= neqMD to propagate (4/10) 
Test neqMD dictionary
	current timestep for neqMD: 11600
	chosen move (insertion? True)
new state after neqMD (natom=5202,pe_new=-23435.031404,ke_new=7820.601544)
new state after back to eqPES (natom=5202,pe_new=-23435.031404,ke_new=7820.601544)
energy chage in water intermolecular energies: bond=(0.000000 -> 0.000000) / angle=(0.000000 -> 0.000000)
===================
= Metropolis-type MC (4/10) 
Energy check: -23435.031403743444 -23400.265181782615 7820.601544054083 7776.246591478617
# bias selection to relax (accept_rule): 1.000000
# bias interionic distance(accept_rule): 39.643425
# prep = 2.717055e+03
Acceptance tested: not_gcmc (dke=44.354953; dpe=-34.766222; dE=9.588731; vol=6922.272650; prob_ins_inv=3.981863e+01; prob_del=1.004420e+00); intant_MC=False; not_to_sample=False; @ RT=1.000000
reject_insert:::delete the inserted flying molecule
return to the old state using dic_peratom
delete widom_test group
===================
= Select a move (5/10)
salt is picked True
New flying particles assigned: (5202 <- 5200/trial_insert) (5202 <= 5200)
old state right before neqMD (natom=5200,pe_old=-12734.280565,ke_old=7779.133547)
===================
= neqMD to propagate (5/10) 
Test neqMD dictionary
	current timestep for neqMD: 11600
	chosen move (insertion? True)
new state after neqMD (natom=5202,pe_new=-23305.793102,ke_new=7823.649665)
new state after back to eqPES (natom=5202,pe_new=-23305.793102,ke_new=7823.649665)
energy chage in water intermolecular energies: bond=(0.000000 -> 0.000000) / angle=(0.000000 -> 0.000000)
===================
= Metropolis-type MC (5/10) 
Energy check: -23305.793102239903 -23400.265181782615 7823.649665349476 7779.133546906703
# bias selection to relax (accept_rule): 1.000000
# bias interionic distance(accept_rule): 203.025750
# prep = 1.391485e+04
Acceptance tested: not_gcmc (dke=44.516118; dpe=94.472080; dE=138.988198; vol=6922.272650; prob_ins_inv=2.659939e+02; prob_del=1.310149e+00); intant_MC=False; not_to_sample=False; @ RT=1.000000
reject_insert:::delete the inserted flying molecule
return to the old state using dic_peratom
delete widom_test group
===================
= Select a move (6/10)
salt is picked True
New flying particles assigned: (5202 <- 5200/trial_insert) (5202 <= 5200)
old state right before neqMD (natom=5200,pe_old=-13595.256803,ke_old=7775.913252)
===================
= neqMD to propagate (6/10) 
Test neqMD dictionary
	current timestep for neqMD: 11600
	chosen move (insertion? True)
new state after neqMD (natom=5202,pe_new=-23426.830545,ke_new=7809.933298)
new state after back to eqPES (natom=5202,pe_new=-23426.830544,ke_new=7809.933298)
energy chage in water intermolecular energies: bond=(0.000000 -> 0.000000) / angle=(0.000000 -> 0.000000)
===================
= Metropolis-type MC (6/10) 
Energy check: -23426.83054442226 -23400.265181782615 7809.9332976173155 7775.9132519938685
# bias selection to relax (accept_rule): 1.000000
# bias interionic distance(accept_rule): 32.063420
# prep = 2.197542e+03
Acceptance tested: not_gcmc (dke=34.020046; dpe=-26.565363; dE=7.454683; vol=6922.272650; prob_ins_inv=9.518187e+01; prob_del=2.968550e+00); intant_MC=False; not_to_sample=False; @ RT=1.000000
reject_insert:::delete the inserted flying molecule
return to the old state using dic_peratom
delete widom_test group
===================
= Select a move (7/10)
salt is picked True
New flying particles assigned: (5202 <- 5200/trial_insert) (5202 <= 5200)
old state right before neqMD (natom=5200,pe_old=12244387.407222,ke_old=7779.955433)
===================
= neqMD to propagate (7/10) 
Test neqMD dictionary
	current timestep for neqMD: 11600
	chosen move (insertion? True)
new state after neqMD (natom=5202,pe_new=-23398.847052,ke_new=7797.945612)
new state after back to eqPES (natom=5202,pe_new=-23398.847052,ke_new=7797.945612)
energy chage in water intermolecular energies: bond=(0.000000 -> 0.000000) / angle=(0.000000 -> 0.000000)
===================
= Metropolis-type MC (7/10) 
Energy check: -23398.847051726334 -23400.265181782615 7797.9456123420405 7779.9554326370735
# bias selection to relax (accept_rule): 1.000000
# bias interionic distance(accept_rule): 16.436032
# prep = 1.126482e+03
Acceptance tested: not_gcmc (dke=17.990180; dpe=1.418130; dE=19.408310; vol=6922.272650; prob_ins_inv=1.684965e+01; prob_del=1.025165e+00); intant_MC=False; not_to_sample=False; @ RT=1.000000
reject_insert:::delete the inserted flying molecule
return to the old state using dic_peratom
delete widom_test group
===================
= Select a move (8/10)
salt is picked True
New flying particles assigned: (5202 <- 5200/trial_insert) (5202 <= 5200)
old state right before neqMD (natom=5200,pe_old=199945.996559,ke_old=7775.101829)
===================
= neqMD to propagate (8/10) 
Test neqMD dictionary
	current timestep for neqMD: 11600
	chosen move (insertion? True)
new state after neqMD (natom=5202,pe_new=-23420.129398,ke_new=7808.978602)
new state after back to eqPES (natom=5202,pe_new=-23420.129398,ke_new=7808.978602)
energy chage in water intermolecular energies: bond=(0.000000 -> 0.000000) / angle=(0.000000 -> 0.000000)
===================
= Metropolis-type MC (8/10) 
Energy check: -23420.1293980049 -23400.265181782615 7808.978602308607 7775.101828586809
# bias selection to relax (accept_rule): 1.000000
# bias interionic distance(accept_rule): 5.294052
# prep = 3.628403e+02
Acceptance tested: not_gcmc (dke=33.876774; dpe=-19.864216; dE=14.012557; vol=6922.272650; prob_ins_inv=5.297899e+00; prob_del=1.000727e+00); intant_MC=False; not_to_sample=False; @ RT=1.000000
reject_insert:::delete the inserted flying molecule
return to the old state using dic_peratom
delete widom_test group
===================
= Select a move (9/10)
salt is picked True
New flying particles assigned: (5202 <- 5200/trial_insert) (5202 <= 5200)
old state right before neqMD (natom=5200,pe_old=79803.502827,ke_old=7779.930158)
===================
= neqMD to propagate (9/10) 
Test neqMD dictionary
	current timestep for neqMD: 11600
	chosen move (insertion? True)
new state after neqMD (natom=5202,pe_new=-23412.599625,ke_new=7814.243421)
new state after back to eqPES (natom=5202,pe_new=-23412.599625,ke_new=7814.243421)
energy chage in water intermolecular energies: bond=(0.000000 -> 0.000000) / angle=(0.000000 -> 0.000000)
===================
= Metropolis-type MC (9/10) 
Energy check: -23412.599624985483 -23400.265181782615 7814.243420884182 7779.930157956928
# bias selection to relax (accept_rule): 1.000000
# bias interionic distance(accept_rule): 63.845634
# prep = 4.375811e+03
Acceptance tested: not_gcmc (dke=34.313263; dpe=-12.334443; dE=21.978820; vol=6922.272650; prob_ins_inv=6.596706e+01; prob_del=1.033227e+00); intant_MC=False; not_to_sample=False; @ RT=1.000000
reject_insert:::delete the inserted flying molecule
return to the old state using dic_peratom
delete widom_test group

===================
= EqMD (4/5) 
===================
= hybrid neqMD/MC (4/5)
old state right after eqMD (natom=5200,pe_old=-23415.861546,ke_old=7938.677480,bond+angle=0.000000,vol=6922.272650)
===================
= Select a move (0/10)
salt is picked True
New flying particles assigned: (5202 <- 5200/trial_insert) (5202 <= 5200)
old state right before neqMD (natom=5200,pe_old=2380545.436064,ke_old=7939.046277)
===================
= neqMD to propagate (0/10) 
Test neqMD dictionary
	current timestep for neqMD: 12000
	chosen move (insertion? True)
new state after neqMD (natom=5202,pe_new=-23343.949735,ke_new=7884.143078)
new state after back to eqPES (natom=5202,pe_new=-23343.949735,ke_new=7884.143078)
energy chage in water intermolecular energies: bond=(0.000000 -> 0.000000) / angle=(0.000000 -> 0.000000)
===================
= Metropolis-type MC (0/10) 
Energy check: -23343.949734990754 -23415.861546017062 7884.143077637891 7939.04627681127
# bias selection to relax (accept_rule): 1.000000
# bias interionic distance(accept_rule): 10.481194
# prep = 7.183533e+02
Acceptance tested: not_gcmc (dke=-54.903199; dpe=71.911811; dE=17.008612; vol=6922.272650; prob_ins_inv=1.048966e+01; prob_del=1.000808e+00); intant_MC=False; not_to_sample=False; @ RT=1.000000
reject_insert:::delete the inserted flying molecule
return to the old state using dic_peratom
delete widom_test group
===================
= Select a move (1/10)
salt is picked True
New flying particles assigned: (5202 <- 5200/trial_insert) (5202 <= 5200)
old state right before neqMD (natom=5200,pe_old=-22586.162483,ke_old=7944.564013)
===================
= neqMD to propagate (1/10) 
Test neqMD dictionary
	current timestep for neqMD: 12000
	chosen move (insertion? True)
new state after neqMD (natom=5202,pe_new=-23336.295797,ke_new=7868.150357)
new state after back to eqPES (natom=5202,pe_new=-23336.295796,ke_new=7868.150357)
energy chage in water intermolecular energies: bond=(0.000000 -> 0.000000) / angle=(0.000000 -> 0.000000)
===================
= Metropolis-type MC (1/10) 
Energy check: -23336.295796426522 -23415.861546017062 7868.150356805467 7944.564013475736
# bias selection to relax (accept_rule): 1.000000
# bias interionic distance(accept_rule): 10.240487
# prep = 7.018559e+02
Acceptance tested: not_gcmc (dke=-76.413657; dpe=79.565750; dE=3.152093; vol=6922.272650; prob_ins_inv=1.024049e+01; prob_del=1.000000e+00); intant_MC=False; not_to_sample=False; @ RT=1.000000
reject_insert:::delete the inserted flying molecule
return to the old state using dic_peratom
delete widom_test group
===================
= Select a move (2/10)
salt is picked True
New flying particles assigned: (5202 <- 5200/trial_insert) (5202 <= 5200)
old state right before neqMD (natom=5200,pe_old=187387.521100,ke_old=7941.244360)
===================
= neqMD to propagate (2/10) 
Test neqMD dictionary
	current timestep for neqMD: 12000
	chosen move (insertion? True)
new state after neqMD (natom=5202,pe_new=-23318.024190,ke_new=7845.566549)
new state after back to eqPES (natom=5202,pe_new=-23318.024189,ke_new=7845.566549)
energy chage in water intermolecular energies: bond=(0.000000 -> 0.000000) / angle=(0.000000 -> 0.000000)
===================
= Metropolis-type MC (2/10) 
Energy check: -23318.024189365708 -23415.861546017062 7845.566548818428 7941.244360385786
# bias selection to relax (accept_rule): 1.000000
# bias interionic distance(accept_rule): 11.016671
# prep = 7.550535e+02
Acceptance tested: not_gcmc (dke=-95.677812; dpe=97.837357; dE=2.159545; vol=6922.272650; prob_ins_inv=1.101668e+01; prob_del=1.000001e+00); intant_MC=False; not_to_sample=False; @ RT=1.000000
reject_insert:::delete the inserted flying molecule
return to the old state using dic_peratom
delete widom_test group
===================
= Select a move (3/10)
salt is picked True
New flying particles assigned: (5202 <- 5200/trial_insert) (5202 <= 5200)
old state right before neqMD (natom=5200,pe_old=273735.695698,ke_old=7942.545521)
===================
= neqMD to propagate (3/10) 
Test neqMD dictionary
	current timestep for neqMD: 12000
	chosen move (insertion? True)
new state after neqMD (natom=5202,pe_new=-23352.051539,ke_new=7890.984876)
new state after back to eqPES (natom=5202,pe_new=-23352.051539,ke_new=7890.984876)
energy chage in water intermolecular energies: bond=(0.000000 -> 0.000000) / angle=(0.000000 -> 0.000000)
===================
= Metropolis-type MC (3/10) 
Energy check: -23352.051539263608 -23415.861546017062 7890.984876226274 7942.545520891777
# bias selection to relax (accept_rule): 1.000000
# bias interionic distance(accept_rule): 8.330222
# prep = 5.709313e+02
Acceptance tested: not_gcmc (dke=-51.560645; dpe=63.810007; dE=12.249362; vol=6922.272650; prob_ins_inv=8.330222e+00; prob_del=1.000000e+00); intant_MC=False; not_to_sample=False; @ RT=1.000000
reject_insert:::delete the inserted flying molecule
return to the old state using dic_peratom
delete widom_test group
===================
= Select a move (4/10)
salt is picked True
New flying particles assigned: (5202 <- 5200/trial_insert) (5202 <= 5200)
old state right before neqMD (natom=5200,pe_old=205835.613050,ke_old=7940.394310)
===================
= neqMD to propagate (4/10) 
Test neqMD dictionary
	current timestep for neqMD: 12000
	chosen move (insertion? True)
new state after neqMD (natom=5202,pe_new=-23321.725274,ke_new=7853.371736)
new state after back to eqPES (natom=5202,pe_new=-23321.725274,ke_new=7853.371736)
energy chage in water intermolecular energies: bond=(0.000000 -> 0.000000) / angle=(0.000000 -> 0.000000)
===================
= Metropolis-type MC (4/10) 
Energy check: -23321.72527447414 -23415.861546017062 7853.371735839597 7940.394310333024
# bias selection to relax (accept_rule): 1.000000
# bias interionic distance(accept_rule): 4.517314
# prep = 3.096047e+02
Acceptance tested: not_gcmc (dke=-87.022574; dpe=94.136272; dE=7.113697; vol=6922.272650; prob_ins_inv=7.490044e+00; prob_del=1.658075e+00); intant_MC=False; not_to_sample=False; @ RT=1.000000
reject_insert:::delete the inserted flying molecule
return to the old state using dic_peratom
delete widom_test group
===================
= Select a move (5/10)
salt is picked True
New flying particles assigned: (5202 <- 5200/trial_insert) (5202 <= 5200)
old state right before neqMD (natom=5200,pe_old=-22381.954541,ke_old=7940.606102)
===================
= neqMD to propagate (5/10) 
Test neqMD dictionary
	current timestep for neqMD: 12000
	chosen move (insertion? True)
new state after neqMD (natom=5202,pe_new=-23305.237922,ke_new=7840.398438)
new state after back to eqPES (natom=5202,pe_new=-23305.237922,ke_new=7840.398438)
energy chage in water intermolecular energies: bond=(0.000000 -> 0.000000) / angle=(0.000000 -> 0.000000)
===================
= Metropolis-type MC (5/10) 
Energy check: -23305.237921884625 -23415.861546017062 7840.398437587837 7940.606102264681
# bias selection to relax (accept_rule): 1.000000
# bias interionic distance(accept_rule): 17.327363
# prep = 1.187572e+03
Acceptance tested: not_gcmc (dke=-100.207665; dpe=110.623624; dE=10.415959; vol=6922.272650; prob_ins_inv=7.106948e+01; prob_del=4.101575e+00); intant_MC=False; not_to_sample=False; @ RT=1.000000
reject_insert:::delete the inserted flying molecule
return to the old state using dic_peratom
delete widom_test group
===================
= Select a move (6/10)
salt is picked True
New flying particles assigned: (5202 <- 5200/trial_insert) (5202 <= 5200)
old state right before neqMD (natom=5200,pe_old=52996.058646,ke_old=7942.069310)
===================
= neqMD to propagate (6/10) 
Test neqMD dictionary
	current timestep for neqMD: 12000
	chosen move (insertion? True)
new state after neqMD (natom=5202,pe_new=-23326.397085,ke_new=7866.031876)
new state after back to eqPES (natom=5202,pe_new=-23326.397085,ke_new=7866.031876)
energy chage in water intermolecular energies: bond=(0.000000 -> 0.000000) / angle=(0.000000 -> 0.000000)
===================
= Metropolis-type MC (6/10) 
Energy check: -23326.397085253717 -23415.861546017062 7866.031876418414 7942.069310388728
# bias selection to relax (accept_rule): 1.000000
# bias interionic distance(accept_rule): 13.552160
# prep = 9.288292e+02
Acceptance tested: not_gcmc (dke=-76.037434; dpe=89.464461; dE=13.427027; vol=6922.272650; prob_ins_inv=1.590570e+01; prob_del=1.173666e+00); intant_MC=False; not_to_sample=False; @ RT=1.000000
reject_insert:::delete the inserted flying molecule
return to the old state using dic_peratom
delete widom_test group
===================
= Select a move (7/10)
salt is picked True
New flying particles assigned: (5202 <- 5200/trial_insert) (5202 <= 5200)
old state right before neqMD (natom=5200,pe_old=-22522.733564,ke_old=7940.154014)
===================
= neqMD to propagate (7/10) 
Test neqMD dictionary
	current timestep for neqMD: 12000
	chosen move (insertion? True)
new state after neqMD (natom=5202,pe_new=-23315.886546,ke_new=7840.584892)
new state after back to eqPES (natom=5202,pe_new=-23315.886546,ke_new=7840.584892)
energy chage in water intermolecular energies: bond=(0.000000 -> 0.000000) / angle=(0.000000 -> 0.000000)
===================
= Metropolis-type MC (7/10) 
Energy check: -23315.886545770616 -23415.861546017062 7840.5848922137775 7940.15401410819
# bias selection to relax (accept_rule): 1.000000
# bias interionic distance(accept_rule): 8.606186
# prep = 5.898452e+02
Acceptance tested: not_gcmc (dke=-99.569122; dpe=99.975000; dE=0.405878; vol=6922.272650; prob_ins_inv=9.169554e+00; prob_del=1.065461e+00); intant_MC=False; not_to_sample=False; @ RT=1.000000
reject_insert:::delete the inserted flying molecule
return to the old state using dic_peratom
delete widom_test group
===================
= Select a move (8/10)
salt is picked True
New flying particles assigned: (5202 <- 5200/trial_insert) (5202 <= 5200)
old state right before neqMD (natom=5200,pe_old=36032.905443,ke_old=7941.016748)
===================
= neqMD to propagate (8/10) 
Test neqMD dictionary
	current timestep for neqMD: 12000
	chosen move (insertion? True)
new state after neqMD (natom=5202,pe_new=-23316.387639,ke_new=7856.452470)
new state after back to eqPES (natom=5202,pe_new=-23316.387639,ke_new=7856.452470)
energy chage in water intermolecular energies: bond=(0.000000 -> 0.000000) / angle=(0.000000 -> 0.000000)
===================
= Metropolis-type MC (8/10) 
Energy check: -23316.387639150358 -23415.861546017062 7856.452470156641 7941.016748390559
# bias selection to relax (accept_rule): 1.000000
# bias interionic distance(accept_rule): 15.251530
# prep = 1.045299e+03
Acceptance tested: not_gcmc (dke=-84.564278; dpe=99.473907; dE=14.909629; vol=6922.272650; prob_ins_inv=1.525153e+01; prob_del=1.000000e+00); intant_MC=False; not_to_sample=False; @ RT=1.000000
reject_insert:::delete the inserted flying molecule
return to the old state using dic_peratom
delete widom_test group
===================
= Select a move (9/10)
salt is picked True
New flying particles assigned: (5202 <- 5200/trial_insert) (5202 <= 5200)
old state right before neqMD (natom=5200,pe_old=349.501158,ke_old=7941.092479)
===================
= neqMD to propagate (9/10) 
Test neqMD dictionary
	current timestep for neqMD: 12000
	chosen move (insertion? True)
new state after neqMD (natom=5202,pe_new=-23316.947779,ke_new=7848.877435)
new state after back to eqPES (natom=5202,pe_new=-23316.947779,ke_new=7848.877435)
energy chage in water intermolecular energies: bond=(0.000000 -> 0.000000) / angle=(0.000000 -> 0.000000)
===================
= Metropolis-type MC (9/10) 
Energy check: -23316.94777896385 -23415.861546017062 7848.877434602818 7941.092478916538
# bias selection to relax (accept_rule): 1.000000
# bias interionic distance(accept_rule): 4.035423
# prep = 2.765772e+02
Acceptance tested: not_gcmc (dke=-92.215044; dpe=98.913767; dE=6.698723; vol=6922.272650; prob_ins_inv=4.035423e+00; prob_del=1.000000e+00); intant_MC=False; not_to_sample=False; @ RT=1.000000
reject_insert:::delete the inserted flying molecule
return to the old state using dic_peratom
delete widom_test group
===================
= computation is successfully done
